<?xml version="1.0" encoding="UTF-8"?>
<testsuite xmlns:xsi="http://www.w3.org/2001/XMLSchema-instance" xsi:noNamespaceSchemaLocation="https://maven.apache.org/surefire/maven-surefire-plugin/xsd/surefire-test-report.xsd" name="tests.products.DeleteProductTest" time="3.506" tests="1" errors="0" skipped="0" failures="0">
  <properties>
    <property name="gopherProxySet" value="false"/>
    <property name="awt.toolkit" value="sun.lwawt.macosx.LWCToolkit"/>
    <property name="file.encoding.pkg" value="sun.io"/>
    <property name="java.specification.version" value="1.8"/>
    <property name="sun.cpu.isalist" value=""/>
    <property name="sun.jnu.encoding" value="UTF-8"/>
    <property name="java.class.path" value="/Users/douglasbarbosa/Documents/projetos/rest-assured/target/test-classes:/Users/douglasbarbosa/Documents/projetos/rest-assured/target/classes:/Users/douglasbarbosa/.m2/repository/io/rest-assured/rest-assured/5.3.0/rest-assured-5.3.0.jar:/Users/douglasbarbosa/.m2/repository/org/apache/groovy/groovy/4.0.6/groovy-4.0.6.jar:/Users/douglasbarbosa/.m2/repository/org/apache/groovy/groovy-xml/4.0.6/groovy-xml-4.0.6.jar:/Users/douglasbarbosa/.m2/repository/org/apache/httpcomponents/httpclient/4.5.13/httpclient-4.5.13.jar:/Users/douglasbarbosa/.m2/repository/org/apache/httpcomponents/httpcore/4.4.13/httpcore-4.4.13.jar:/Users/douglasbarbosa/.m2/repository/commons-logging/commons-logging/1.2/commons-logging-1.2.jar:/Users/douglasbarbosa/.m2/repository/commons-codec/commons-codec/1.11/commons-codec-1.11.jar:/Users/douglasbarbosa/.m2/repository/org/apache/httpcomponents/httpmime/4.5.13/httpmime-4.5.13.jar:/Users/douglasbarbosa/.m2/repository/org/hamcrest/hamcrest/2.1/hamcrest-2.1.jar:/Users/douglasbarbosa/.m2/repository/org/ccil/cowan/tagsoup/tagsoup/1.2.1/tagsoup-1.2.1.jar:/Users/douglasbarbosa/.m2/repository/org/junit/jupiter/junit-jupiter/5.9.0/junit-jupiter-5.9.0.jar:/Users/douglasbarbosa/.m2/repository/org/junit/jupiter/junit-jupiter-api/5.9.0/junit-jupiter-api-5.9.0.jar:/Users/douglasbarbosa/.m2/repository/org/opentest4j/opentest4j/1.2.0/opentest4j-1.2.0.jar:/Users/douglasbarbosa/.m2/repository/org/junit/platform/junit-platform-commons/1.9.0/junit-platform-commons-1.9.0.jar:/Users/douglasbarbosa/.m2/repository/org/apiguardian/apiguardian-api/1.1.2/apiguardian-api-1.1.2.jar:/Users/douglasbarbosa/.m2/repository/org/junit/jupiter/junit-jupiter-params/5.9.0/junit-jupiter-params-5.9.0.jar:/Users/douglasbarbosa/.m2/repository/org/junit/jupiter/junit-jupiter-engine/5.9.0/junit-jupiter-engine-5.9.0.jar:/Users/douglasbarbosa/.m2/repository/org/junit/platform/junit-platform-engine/1.9.0/junit-platform-engine-1.9.0.jar:/Users/douglasbarbosa/.m2/repository/io/rest-assured/json-path/5.3.0/json-path-5.3.0.jar:/Users/douglasbarbosa/.m2/repository/org/apache/groovy/groovy-json/4.0.6/groovy-json-4.0.6.jar:/Users/douglasbarbosa/.m2/repository/io/rest-assured/rest-assured-common/5.3.0/rest-assured-common-5.3.0.jar:/Users/douglasbarbosa/.m2/repository/io/rest-assured/xml-path/5.3.0/xml-path-5.3.0.jar:/Users/douglasbarbosa/.m2/repository/org/apache/commons/commons-lang3/3.11/commons-lang3-3.11.jar:/Users/douglasbarbosa/.m2/repository/io/rest-assured/json-schema-validator/5.3.0/json-schema-validator-5.3.0.jar:/Users/douglasbarbosa/.m2/repository/com/github/java-json-tools/json-schema-validator/2.2.14/json-schema-validator-2.2.14.jar:/Users/douglasbarbosa/.m2/repository/com/google/guava/guava/28.2-android/guava-28.2-android.jar:/Users/douglasbarbosa/.m2/repository/com/google/guava/failureaccess/1.0.1/failureaccess-1.0.1.jar:/Users/douglasbarbosa/.m2/repository/com/google/guava/listenablefuture/9999.0-empty-to-avoid-conflict-with-guava/listenablefuture-9999.0-empty-to-avoid-conflict-with-guava.jar:/Users/douglasbarbosa/.m2/repository/org/checkerframework/checker-compat-qual/2.5.5/checker-compat-qual-2.5.5.jar:/Users/douglasbarbosa/.m2/repository/com/google/errorprone/error_prone_annotations/2.3.4/error_prone_annotations-2.3.4.jar:/Users/douglasbarbosa/.m2/repository/com/google/j2objc/j2objc-annotations/1.3/j2objc-annotations-1.3.jar:/Users/douglasbarbosa/.m2/repository/com/github/java-json-tools/jackson-coreutils-equivalence/1.0/jackson-coreutils-equivalence-1.0.jar:/Users/douglasbarbosa/.m2/repository/com/fasterxml/jackson/core/jackson-databind/2.11.0/jackson-databind-2.11.0.jar:/Users/douglasbarbosa/.m2/repository/com/fasterxml/jackson/core/jackson-annotations/2.11.0/jackson-annotations-2.11.0.jar:/Users/douglasbarbosa/.m2/repository/com/fasterxml/jackson/core/jackson-core/2.11.0/jackson-core-2.11.0.jar:/Users/douglasbarbosa/.m2/repository/com/github/java-json-tools/jackson-coreutils/2.0/jackson-coreutils-2.0.jar:/Users/douglasbarbosa/.m2/repository/com/github/java-json-tools/msg-simple/1.2/msg-simple-1.2.jar:/Users/douglasbarbosa/.m2/repository/com/github/java-json-tools/btf/1.3/btf-1.3.jar:/Users/douglasbarbosa/.m2/repository/com/github/java-json-tools/json-schema-core/1.2.14/json-schema-core-1.2.14.jar:/Users/douglasbarbosa/.m2/repository/com/github/java-json-tools/uri-template/0.10/uri-template-0.10.jar:/Users/douglasbarbosa/.m2/repository/org/mozilla/rhino/1.7.7.2/rhino-1.7.7.2.jar:/Users/douglasbarbosa/.m2/repository/com/sun/mail/mailapi/1.6.2/mailapi-1.6.2.jar:/Users/douglasbarbosa/.m2/repository/joda-time/joda-time/2.10.5/joda-time-2.10.5.jar:/Users/douglasbarbosa/.m2/repository/com/googlecode/libphonenumber/libphonenumber/8.11.1/libphonenumber-8.11.1.jar:/Users/douglasbarbosa/.m2/repository/com/google/code/findbugs/jsr305/3.0.2/jsr305-3.0.2.jar:/Users/douglasbarbosa/.m2/repository/net/sf/jopt-simple/jopt-simple/5.0.4/jopt-simple-5.0.4.jar:/Users/douglasbarbosa/.m2/repository/org/aeonbits/owner/owner/1.0.12/owner-1.0.12.jar:/Users/douglasbarbosa/.m2/repository/com/aventstack/extentreports/5.0.9/extentreports-5.0.9.jar:/Users/douglasbarbosa/.m2/repository/io/reactivex/rxjava3/rxjava/3.0.4/rxjava-3.0.4.jar:/Users/douglasbarbosa/.m2/repository/org/reactivestreams/reactive-streams/1.0.3/reactive-streams-1.0.3.jar:/Users/douglasbarbosa/.m2/repository/org/freemarker/freemarker/2.3.30/freemarker-2.3.30.jar:/Users/douglasbarbosa/.m2/repository/org/projectlombok/lombok/1.18.12/lombok-1.18.12.jar:/Users/douglasbarbosa/.m2/repository/org/easetech/easytest-core/1.4.0/easytest-core-1.4.0.jar:/Users/douglasbarbosa/.m2/repository/junit/junit/4.12/junit-4.12.jar:/Users/douglasbarbosa/.m2/repository/org/slf4j/slf4j-api/1.6.1/slf4j-api-1.6.1.jar:/Users/douglasbarbosa/.m2/repository/log4j/log4j/1.2.15/log4j-1.2.15.jar:/Users/douglasbarbosa/.m2/repository/org/slf4j/slf4j-log4j12/1.6.1/slf4j-log4j12-1.6.1.jar:/Users/douglasbarbosa/.m2/repository/org/slf4j/jcl-over-slf4j/1.6.1/jcl-over-slf4j-1.6.1.jar:/Users/douglasbarbosa/.m2/repository/net/sourceforge/javacsv/javacsv/2.0/javacsv-2.0.jar:/Users/douglasbarbosa/.m2/repository/javax/xml/jsr173/1.0/jsr173-1.0.jar:/Users/douglasbarbosa/.m2/repository/com/sun/xml/bind/jaxb-xjc/2.2.6/jaxb-xjc-2.2.6.jar:/Users/douglasbarbosa/.m2/repository/javaee/javaee-api/5/javaee-api-5.jar:/Users/douglasbarbosa/.m2/repository/org/apache/poi/poi/3.8/poi-3.8.jar:/Users/douglasbarbosa/.m2/repository/org/apache/poi/poi-examples/3.8/poi-examples-3.8.jar:/Users/douglasbarbosa/.m2/repository/org/apache/poi/poi-scratchpad/3.8/poi-scratchpad-3.8.jar:/Users/douglasbarbosa/.m2/repository/org/apache/poi/poi-ooxml/3.8/poi-ooxml-3.8.jar:/Users/douglasbarbosa/.m2/repository/org/apache/poi/poi-ooxml-schemas/3.8/poi-ooxml-schemas-3.8.jar:/Users/douglasbarbosa/.m2/repository/org/apache/xmlbeans/xmlbeans/2.3.0/xmlbeans-2.3.0.jar:/Users/douglasbarbosa/.m2/repository/stax/stax-api/1.0.1/stax-api-1.0.1.jar:/Users/douglasbarbosa/.m2/repository/dom4j/dom4j/1.6.1/dom4j-1.6.1.jar:/Users/douglasbarbosa/.m2/repository/org/jvnet/jaxb2_commons/jaxb2-basics-runtime/0.6.2/jaxb2-basics-runtime-0.6.2.jar:/Users/douglasbarbosa/.m2/repository/cglib/cglib/2.2.2/cglib-2.2.2.jar:/Users/douglasbarbosa/.m2/repository/asm/asm/3.3.1/asm-3.3.1.jar:/Users/douglasbarbosa/.m2/repository/commons-lang/commons-lang/2.6/commons-lang-2.6.jar:/Users/douglasbarbosa/.m2/repository/commons-io/commons-io/2.2/commons-io-2.2.jar:/Users/douglasbarbosa/.m2/repository/jfree/jfreechart/1.0.13/jfreechart-1.0.13.jar:/Users/douglasbarbosa/.m2/repository/jfree/jcommon/1.0.16/jcommon-1.0.16.jar:/Users/douglasbarbosa/.m2/repository/net/sf/jasperreports/jasperreports-fonts/4.0.0/jasperreports-fonts-4.0.0.jar:/Users/douglasbarbosa/.m2/repository/com/sun/xml/bind/jaxb-impl/2.2.6/jaxb-impl-2.2.6.jar:/Users/douglasbarbosa/.m2/repository/javax/inject/javax.inject/1/javax.inject-1.jar:/Users/douglasbarbosa/.m2/repository/org/codehaus/jackson/jackson-mapper-lgpl/1.9.11/jackson-mapper-lgpl-1.9.11.jar:/Users/douglasbarbosa/.m2/repository/org/codehaus/jackson/jackson-core-lgpl/1.9.11/jackson-core-lgpl-1.9.11.jar:/Users/douglasbarbosa/.m2/repository/net/sf/jasperreports/jasperreports/4.5.1/jasperreports-4.5.1.jar:/Users/douglasbarbosa/.m2/repository/commons-beanutils/commons-beanutils/1.8.0/commons-beanutils-1.8.0.jar:/Users/douglasbarbosa/.m2/repository/commons-collections/commons-collections/2.1/commons-collections-2.1.jar:/Users/douglasbarbosa/.m2/repository/commons-digester/commons-digester/2.1/commons-digester-2.1.jar:/Users/douglasbarbosa/.m2/repository/com/lowagie/itext/2.1.7/itext-2.1.7.jar:/Users/douglasbarbosa/.m2/repository/bouncycastle/bcmail-jdk14/138/bcmail-jdk14-138.jar:/Users/douglasbarbosa/.m2/repository/bouncycastle/bcprov-jdk14/138/bcprov-jdk14-138.jar:/Users/douglasbarbosa/.m2/repository/org/bouncycastle/bctsp-jdk14/1.38/bctsp-jdk14-1.38.jar:/Users/douglasbarbosa/.m2/repository/org/bouncycastle/bcprov-jdk14/1.38/bcprov-jdk14-1.38.jar:/Users/douglasbarbosa/.m2/repository/org/bouncycastle/bcmail-jdk14/1.38/bcmail-jdk14-1.38.jar:/Users/douglasbarbosa/.m2/repository/xml-apis/xml-apis/1.3.02/xml-apis-1.3.02.jar:/Users/douglasbarbosa/.m2/repository/eclipse/jdtcore/3.1.0/jdtcore-3.1.0.jar:/Users/douglasbarbosa/.m2/repository/org/codehaus/castor/castor/1.2/castor-1.2.jar:/Users/douglasbarbosa/.m2/repository/org/awaitility/awaitility/3.0.0/awaitility-3.0.0.jar:/Users/douglasbarbosa/.m2/repository/org/hamcrest/hamcrest-library/1.3/hamcrest-library-1.3.jar:/Users/douglasbarbosa/.m2/repository/org/hamcrest/hamcrest-core/1.3/hamcrest-core-1.3.jar:/Users/douglasbarbosa/.m2/repository/org/objenesis/objenesis/2.5.1/objenesis-2.5.1.jar:/Users/douglasbarbosa/.m2/repository/org/awaitility/awaitility-proxy/3.0.0/awaitility-proxy-3.0.0.jar:/Users/douglasbarbosa/.m2/repository/net/bytebuddy/byte-buddy/1.6.11/byte-buddy-1.6.11.jar:/Users/douglasbarbosa/.m2/repository/com/google/code/gson/gson/2.10.1/gson-2.10.1.jar:"/>
    <property name="java.vm.vendor" value="Oracle Corporation"/>
    <property name="sun.arch.data.model" value="64"/>
    <property name="java.vendor.url" value="http://java.oracle.com/"/>
    <property name="user.timezone" value=""/>
    <property name="java.vm.specification.version" value="1.8"/>
    <property name="os.name" value="Mac OS X"/>
    <property name="user.country" value="BR"/>
    <property name="sun.java.launcher" value="SUN_STANDARD"/>
    <property name="sun.boot.library.path" value="/Library/Java/JavaVirtualMachines/jdk-1.8.jdk/Contents/Home/jre/lib"/>
    <property name="sun.java.command" value="/Users/douglasbarbosa/Documents/projetos/rest-assured/target/surefire/surefirebooter6329738337990748298.jar /Users/douglasbarbosa/Documents/projetos/rest-assured/target/surefire 2024-11-04T21-24-38_097-jvmRun1 surefire1351759838891216085tmp surefire_07946081511904455032tmp"/>
    <property name="http.nonProxyHosts" value="local|*.local|169.254/16|*.169.254/16"/>
    <property name="surefire.test.class.path" value="/Users/douglasbarbosa/Documents/projetos/rest-assured/target/test-classes:/Users/douglasbarbosa/Documents/projetos/rest-assured/target/classes:/Users/douglasbarbosa/.m2/repository/io/rest-assured/rest-assured/5.3.0/rest-assured-5.3.0.jar:/Users/douglasbarbosa/.m2/repository/org/apache/groovy/groovy/4.0.6/groovy-4.0.6.jar:/Users/douglasbarbosa/.m2/repository/org/apache/groovy/groovy-xml/4.0.6/groovy-xml-4.0.6.jar:/Users/douglasbarbosa/.m2/repository/org/apache/httpcomponents/httpclient/4.5.13/httpclient-4.5.13.jar:/Users/douglasbarbosa/.m2/repository/org/apache/httpcomponents/httpcore/4.4.13/httpcore-4.4.13.jar:/Users/douglasbarbosa/.m2/repository/commons-logging/commons-logging/1.2/commons-logging-1.2.jar:/Users/douglasbarbosa/.m2/repository/commons-codec/commons-codec/1.11/commons-codec-1.11.jar:/Users/douglasbarbosa/.m2/repository/org/apache/httpcomponents/httpmime/4.5.13/httpmime-4.5.13.jar:/Users/douglasbarbosa/.m2/repository/org/hamcrest/hamcrest/2.1/hamcrest-2.1.jar:/Users/douglasbarbosa/.m2/repository/org/ccil/cowan/tagsoup/tagsoup/1.2.1/tagsoup-1.2.1.jar:/Users/douglasbarbosa/.m2/repository/org/junit/jupiter/junit-jupiter/5.9.0/junit-jupiter-5.9.0.jar:/Users/douglasbarbosa/.m2/repository/org/junit/jupiter/junit-jupiter-api/5.9.0/junit-jupiter-api-5.9.0.jar:/Users/douglasbarbosa/.m2/repository/org/opentest4j/opentest4j/1.2.0/opentest4j-1.2.0.jar:/Users/douglasbarbosa/.m2/repository/org/junit/platform/junit-platform-commons/1.9.0/junit-platform-commons-1.9.0.jar:/Users/douglasbarbosa/.m2/repository/org/apiguardian/apiguardian-api/1.1.2/apiguardian-api-1.1.2.jar:/Users/douglasbarbosa/.m2/repository/org/junit/jupiter/junit-jupiter-params/5.9.0/junit-jupiter-params-5.9.0.jar:/Users/douglasbarbosa/.m2/repository/org/junit/jupiter/junit-jupiter-engine/5.9.0/junit-jupiter-engine-5.9.0.jar:/Users/douglasbarbosa/.m2/repository/org/junit/platform/junit-platform-engine/1.9.0/junit-platform-engine-1.9.0.jar:/Users/douglasbarbosa/.m2/repository/io/rest-assured/json-path/5.3.0/json-path-5.3.0.jar:/Users/douglasbarbosa/.m2/repository/org/apache/groovy/groovy-json/4.0.6/groovy-json-4.0.6.jar:/Users/douglasbarbosa/.m2/repository/io/rest-assured/rest-assured-common/5.3.0/rest-assured-common-5.3.0.jar:/Users/douglasbarbosa/.m2/repository/io/rest-assured/xml-path/5.3.0/xml-path-5.3.0.jar:/Users/douglasbarbosa/.m2/repository/org/apache/commons/commons-lang3/3.11/commons-lang3-3.11.jar:/Users/douglasbarbosa/.m2/repository/io/rest-assured/json-schema-validator/5.3.0/json-schema-validator-5.3.0.jar:/Users/douglasbarbosa/.m2/repository/com/github/java-json-tools/json-schema-validator/2.2.14/json-schema-validator-2.2.14.jar:/Users/douglasbarbosa/.m2/repository/com/google/guava/guava/28.2-android/guava-28.2-android.jar:/Users/douglasbarbosa/.m2/repository/com/google/guava/failureaccess/1.0.1/failureaccess-1.0.1.jar:/Users/douglasbarbosa/.m2/repository/com/google/guava/listenablefuture/9999.0-empty-to-avoid-conflict-with-guava/listenablefuture-9999.0-empty-to-avoid-conflict-with-guava.jar:/Users/douglasbarbosa/.m2/repository/org/checkerframework/checker-compat-qual/2.5.5/checker-compat-qual-2.5.5.jar:/Users/douglasbarbosa/.m2/repository/com/google/errorprone/error_prone_annotations/2.3.4/error_prone_annotations-2.3.4.jar:/Users/douglasbarbosa/.m2/repository/com/google/j2objc/j2objc-annotations/1.3/j2objc-annotations-1.3.jar:/Users/douglasbarbosa/.m2/repository/com/github/java-json-tools/jackson-coreutils-equivalence/1.0/jackson-coreutils-equivalence-1.0.jar:/Users/douglasbarbosa/.m2/repository/com/fasterxml/jackson/core/jackson-databind/2.11.0/jackson-databind-2.11.0.jar:/Users/douglasbarbosa/.m2/repository/com/fasterxml/jackson/core/jackson-annotations/2.11.0/jackson-annotations-2.11.0.jar:/Users/douglasbarbosa/.m2/repository/com/fasterxml/jackson/core/jackson-core/2.11.0/jackson-core-2.11.0.jar:/Users/douglasbarbosa/.m2/repository/com/github/java-json-tools/jackson-coreutils/2.0/jackson-coreutils-2.0.jar:/Users/douglasbarbosa/.m2/repository/com/github/java-json-tools/msg-simple/1.2/msg-simple-1.2.jar:/Users/douglasbarbosa/.m2/repository/com/github/java-json-tools/btf/1.3/btf-1.3.jar:/Users/douglasbarbosa/.m2/repository/com/github/java-json-tools/json-schema-core/1.2.14/json-schema-core-1.2.14.jar:/Users/douglasbarbosa/.m2/repository/com/github/java-json-tools/uri-template/0.10/uri-template-0.10.jar:/Users/douglasbarbosa/.m2/repository/org/mozilla/rhino/1.7.7.2/rhino-1.7.7.2.jar:/Users/douglasbarbosa/.m2/repository/com/sun/mail/mailapi/1.6.2/mailapi-1.6.2.jar:/Users/douglasbarbosa/.m2/repository/joda-time/joda-time/2.10.5/joda-time-2.10.5.jar:/Users/douglasbarbosa/.m2/repository/com/googlecode/libphonenumber/libphonenumber/8.11.1/libphonenumber-8.11.1.jar:/Users/douglasbarbosa/.m2/repository/com/google/code/findbugs/jsr305/3.0.2/jsr305-3.0.2.jar:/Users/douglasbarbosa/.m2/repository/net/sf/jopt-simple/jopt-simple/5.0.4/jopt-simple-5.0.4.jar:/Users/douglasbarbosa/.m2/repository/org/aeonbits/owner/owner/1.0.12/owner-1.0.12.jar:/Users/douglasbarbosa/.m2/repository/com/aventstack/extentreports/5.0.9/extentreports-5.0.9.jar:/Users/douglasbarbosa/.m2/repository/io/reactivex/rxjava3/rxjava/3.0.4/rxjava-3.0.4.jar:/Users/douglasbarbosa/.m2/repository/org/reactivestreams/reactive-streams/1.0.3/reactive-streams-1.0.3.jar:/Users/douglasbarbosa/.m2/repository/org/freemarker/freemarker/2.3.30/freemarker-2.3.30.jar:/Users/douglasbarbosa/.m2/repository/org/projectlombok/lombok/1.18.12/lombok-1.18.12.jar:/Users/douglasbarbosa/.m2/repository/org/easetech/easytest-core/1.4.0/easytest-core-1.4.0.jar:/Users/douglasbarbosa/.m2/repository/junit/junit/4.12/junit-4.12.jar:/Users/douglasbarbosa/.m2/repository/org/slf4j/slf4j-api/1.6.1/slf4j-api-1.6.1.jar:/Users/douglasbarbosa/.m2/repository/log4j/log4j/1.2.15/log4j-1.2.15.jar:/Users/douglasbarbosa/.m2/repository/org/slf4j/slf4j-log4j12/1.6.1/slf4j-log4j12-1.6.1.jar:/Users/douglasbarbosa/.m2/repository/org/slf4j/jcl-over-slf4j/1.6.1/jcl-over-slf4j-1.6.1.jar:/Users/douglasbarbosa/.m2/repository/net/sourceforge/javacsv/javacsv/2.0/javacsv-2.0.jar:/Users/douglasbarbosa/.m2/repository/javax/xml/jsr173/1.0/jsr173-1.0.jar:/Users/douglasbarbosa/.m2/repository/com/sun/xml/bind/jaxb-xjc/2.2.6/jaxb-xjc-2.2.6.jar:/Users/douglasbarbosa/.m2/repository/javaee/javaee-api/5/javaee-api-5.jar:/Users/douglasbarbosa/.m2/repository/org/apache/poi/poi/3.8/poi-3.8.jar:/Users/douglasbarbosa/.m2/repository/org/apache/poi/poi-examples/3.8/poi-examples-3.8.jar:/Users/douglasbarbosa/.m2/repository/org/apache/poi/poi-scratchpad/3.8/poi-scratchpad-3.8.jar:/Users/douglasbarbosa/.m2/repository/org/apache/poi/poi-ooxml/3.8/poi-ooxml-3.8.jar:/Users/douglasbarbosa/.m2/repository/org/apache/poi/poi-ooxml-schemas/3.8/poi-ooxml-schemas-3.8.jar:/Users/douglasbarbosa/.m2/repository/org/apache/xmlbeans/xmlbeans/2.3.0/xmlbeans-2.3.0.jar:/Users/douglasbarbosa/.m2/repository/stax/stax-api/1.0.1/stax-api-1.0.1.jar:/Users/douglasbarbosa/.m2/repository/dom4j/dom4j/1.6.1/dom4j-1.6.1.jar:/Users/douglasbarbosa/.m2/repository/org/jvnet/jaxb2_commons/jaxb2-basics-runtime/0.6.2/jaxb2-basics-runtime-0.6.2.jar:/Users/douglasbarbosa/.m2/repository/cglib/cglib/2.2.2/cglib-2.2.2.jar:/Users/douglasbarbosa/.m2/repository/asm/asm/3.3.1/asm-3.3.1.jar:/Users/douglasbarbosa/.m2/repository/commons-lang/commons-lang/2.6/commons-lang-2.6.jar:/Users/douglasbarbosa/.m2/repository/commons-io/commons-io/2.2/commons-io-2.2.jar:/Users/douglasbarbosa/.m2/repository/jfree/jfreechart/1.0.13/jfreechart-1.0.13.jar:/Users/douglasbarbosa/.m2/repository/jfree/jcommon/1.0.16/jcommon-1.0.16.jar:/Users/douglasbarbosa/.m2/repository/net/sf/jasperreports/jasperreports-fonts/4.0.0/jasperreports-fonts-4.0.0.jar:/Users/douglasbarbosa/.m2/repository/com/sun/xml/bind/jaxb-impl/2.2.6/jaxb-impl-2.2.6.jar:/Users/douglasbarbosa/.m2/repository/javax/inject/javax.inject/1/javax.inject-1.jar:/Users/douglasbarbosa/.m2/repository/org/codehaus/jackson/jackson-mapper-lgpl/1.9.11/jackson-mapper-lgpl-1.9.11.jar:/Users/douglasbarbosa/.m2/repository/org/codehaus/jackson/jackson-core-lgpl/1.9.11/jackson-core-lgpl-1.9.11.jar:/Users/douglasbarbosa/.m2/repository/net/sf/jasperreports/jasperreports/4.5.1/jasperreports-4.5.1.jar:/Users/douglasbarbosa/.m2/repository/commons-beanutils/commons-beanutils/1.8.0/commons-beanutils-1.8.0.jar:/Users/douglasbarbosa/.m2/repository/commons-collections/commons-collections/2.1/commons-collections-2.1.jar:/Users/douglasbarbosa/.m2/repository/commons-digester/commons-digester/2.1/commons-digester-2.1.jar:/Users/douglasbarbosa/.m2/repository/com/lowagie/itext/2.1.7/itext-2.1.7.jar:/Users/douglasbarbosa/.m2/repository/bouncycastle/bcmail-jdk14/138/bcmail-jdk14-138.jar:/Users/douglasbarbosa/.m2/repository/bouncycastle/bcprov-jdk14/138/bcprov-jdk14-138.jar:/Users/douglasbarbosa/.m2/repository/org/bouncycastle/bctsp-jdk14/1.38/bctsp-jdk14-1.38.jar:/Users/douglasbarbosa/.m2/repository/org/bouncycastle/bcprov-jdk14/1.38/bcprov-jdk14-1.38.jar:/Users/douglasbarbosa/.m2/repository/org/bouncycastle/bcmail-jdk14/1.38/bcmail-jdk14-1.38.jar:/Users/douglasbarbosa/.m2/repository/xml-apis/xml-apis/1.3.02/xml-apis-1.3.02.jar:/Users/douglasbarbosa/.m2/repository/eclipse/jdtcore/3.1.0/jdtcore-3.1.0.jar:/Users/douglasbarbosa/.m2/repository/org/codehaus/castor/castor/1.2/castor-1.2.jar:/Users/douglasbarbosa/.m2/repository/org/awaitility/awaitility/3.0.0/awaitility-3.0.0.jar:/Users/douglasbarbosa/.m2/repository/org/hamcrest/hamcrest-library/1.3/hamcrest-library-1.3.jar:/Users/douglasbarbosa/.m2/repository/org/hamcrest/hamcrest-core/1.3/hamcrest-core-1.3.jar:/Users/douglasbarbosa/.m2/repository/org/objenesis/objenesis/2.5.1/objenesis-2.5.1.jar:/Users/douglasbarbosa/.m2/repository/org/awaitility/awaitility-proxy/3.0.0/awaitility-proxy-3.0.0.jar:/Users/douglasbarbosa/.m2/repository/net/bytebuddy/byte-buddy/1.6.11/byte-buddy-1.6.11.jar:/Users/douglasbarbosa/.m2/repository/com/google/code/gson/gson/2.10.1/gson-2.10.1.jar:"/>
    <property name="sun.cpu.endian" value="little"/>
    <property name="user.home" value="/Users/douglasbarbosa"/>
    <property name="user.language" value="pt"/>
    <property name="java.specification.vendor" value="Oracle Corporation"/>
    <property name="java.home" value="/Library/Java/JavaVirtualMachines/jdk-1.8.jdk/Contents/Home/jre"/>
    <property name="basedir" value="/Users/douglasbarbosa/Documents/projetos/rest-assured"/>
    <property name="file.separator" value="/"/>
    <property name="line.separator" value="&#10;"/>
    <property name="java.vm.specification.vendor" value="Oracle Corporation"/>
    <property name="java.specification.name" value="Java Platform API Specification"/>
    <property name="java.awt.graphicsenv" value="sun.awt.CGraphicsEnvironment"/>
    <property name="surefire.real.class.path" value="/Users/douglasbarbosa/Documents/projetos/rest-assured/target/surefire/surefirebooter6329738337990748298.jar"/>
    <property name="sun.boot.class.path" value="/Library/Java/JavaVirtualMachines/jdk-1.8.jdk/Contents/Home/jre/lib/resources.jar:/Library/Java/JavaVirtualMachines/jdk-1.8.jdk/Contents/Home/jre/lib/rt.jar:/Library/Java/JavaVirtualMachines/jdk-1.8.jdk/Contents/Home/jre/lib/jsse.jar:/Library/Java/JavaVirtualMachines/jdk-1.8.jdk/Contents/Home/jre/lib/jce.jar:/Library/Java/JavaVirtualMachines/jdk-1.8.jdk/Contents/Home/jre/lib/charsets.jar:/Library/Java/JavaVirtualMachines/jdk-1.8.jdk/Contents/Home/jre/lib/jfr.jar:/Library/Java/JavaVirtualMachines/jdk-1.8.jdk/Contents/Home/jre/classes"/>
    <property name="sun.management.compiler" value="HotSpot 64-Bit Tiered Compilers"/>
    <property name="ftp.nonProxyHosts" value="local|*.local|169.254/16|*.169.254/16"/>
    <property name="java.runtime.version" value="1.8.0_391-b13"/>
    <property name="user.name" value="douglasbarbosa"/>
    <property name="path.separator" value=":"/>
    <property name="os.version" value="14.6"/>
    <property name="java.endorsed.dirs" value="/Library/Java/JavaVirtualMachines/jdk-1.8.jdk/Contents/Home/jre/lib/endorsed"/>
    <property name="java.runtime.name" value="Java(TM) SE Runtime Environment"/>
    <property name="file.encoding" value="UTF-8"/>
    <property name="java.vm.name" value="Java HotSpot(TM) 64-Bit Server VM"/>
    <property name="localRepository" value="/Users/douglasbarbosa/.m2/repository"/>
    <property name="java.vendor.url.bug" value="http://bugreport.sun.com/bugreport/"/>
    <property name="java.io.tmpdir" value="/var/folders/xx/qcm_8xts49dc68txh8v397w00000gn/T/"/>
    <property name="java.version" value="1.8.0_391"/>
    <property name="user.dir" value="/Users/douglasbarbosa/Documents/projetos/rest-assured"/>
    <property name="os.arch" value="aarch64"/>
    <property name="java.vm.specification.name" value="Java Virtual Machine Specification"/>
    <property name="java.awt.printerjob" value="sun.lwawt.macosx.CPrinterJob"/>
    <property name="sun.os.patch.level" value="unknown"/>
    <property name="java.library.path" value="/Users/douglasbarbosa/Library/Java/Extensions:/Library/Java/Extensions:/Network/Library/Java/Extensions:/System/Library/Java/Extensions:/usr/lib/java:."/>
    <property name="java.vm.info" value="mixed mode"/>
    <property name="java.vendor" value="Oracle Corporation"/>
    <property name="java.vm.version" value="25.391-b13"/>
    <property name="java.specification.maintenance.version" value="5"/>
    <property name="java.ext.dirs" value="/Users/douglasbarbosa/Library/Java/Extensions:/Library/Java/JavaVirtualMachines/jdk-1.8.jdk/Contents/Home/jre/lib/ext:/Library/Java/Extensions:/Network/Library/Java/Extensions:/System/Library/Java/Extensions:/usr/lib/java"/>
    <property name="sun.io.unicode.encoding" value="UnicodeBig"/>
    <property name="java.class.version" value="52.0"/>
    <property name="socksNonProxyHosts" value="local|*.local|169.254/16|*.169.254/16"/>
  </properties>
  <testcase name="deleteProductTest" classname="tests.products.DeleteProductTest" time="3.472"/>
</testsuite>